<?xml version="1.0" encoding="UTF-8"?>
<!-- Generated by org.testng.reporters.JUnitReportReporter -->
<testsuite hostname="DESKTOP-IJ4HCHI" failures="0" tests="1" name="Testcases.TC_01_registrationpage" time="11.827" errors="0" timestamp="2023-07-12T07:39:59 IST" skipped="0">
  <testcase classname="Testcases.TC_01_registrationpage" name="login" time="11.827"/>
</testsuite> <!-- Testcases.TC_01_registrationpage -->
